#
# A fatal error has been detected by the Java Runtime Environment:
#
#  Internal Error (methodData.cpp:1025), pid=13728, tid=0x0000000000001950
#  Error: ShouldNotReachHere()
#
# JRE version: OpenJDK Runtime Environment (8.0_202-b03) (build 1.8.0_202-release-1483-b03)
# Java VM: OpenJDK 64-Bit Server VM (25.202-b03 mixed mode windows-amd64 compressed oops)
# Failed to write core dump. Minidumps are not enabled by default on client versions of Windows
#
# If you would like to submit a bug report, please visit:
#   http://bugreport.java.com/bugreport/crash.jsp
#

---------------  T H R E A D  ---------------

Current thread (0x0000000016246800):  VMThread [stack: 0x00000000172e0000,0x00000000173e0000] [id=6480]

Stack: [0x00000000172e0000,0x00000000173e0000]
[error occurred during error reporting (printing stack bounds), id 0xc0000005]

Native frames: (J=compiled Java code, j=interpreted, Vv=VM code, C=native code)

VM_Operation (0x000000001a628950): ParallelGCFailedAllocation, mode: safepoint, requested by thread 0x000000001f9fe000


---------------  P R O C E S S  ---------------

Java Threads: ( => current thread )
  0x0000000019815000 JavaThread "Cache worker for execution history cache (S:\Android Studio Projects\PROJECTS\MultipleGeofences\.gradle\5.4.1\executionHistory)" [_thread_blocked, id=592, stack(0x0000000023020000,0x0000000023120000)]
  0x0000000019812800 JavaThread "Execution worker for ':' Thread 3" [_thread_blocked, id=15128, stack(0x0000000022f20000,0x0000000023020000)]
  0x0000000019816800 JavaThread "Execution worker for ':' Thread 2" [_thread_blocked, id=14828, stack(0x0000000022bf0000,0x0000000022cf0000)]
  0x000000001fa07000 JavaThread "Execution worker for ':'" [_thread_blocked, id=13772, stack(0x0000000022af0000,0x0000000022bf0000)]
  0x000000001fa04000 JavaThread "Cache worker for file content cache (S:\Android Studio Projects\PROJECTS\MultipleGeofences\.gradle\5.4.1\fileContent)" [_thread_blocked, id=14660, stack(0x00000000227f0000,0x00000000228f0000)]
  0x000000001fa03000 JavaThread "Cache worker for Build Output Cleanup Cache (S:\Android Studio Projects\PROJECTS\MultipleGeofences\.gradle\buildOutputCleanup)" [_thread_blocked, id=15852, stack(0x00000000224f0000,0x00000000225f0000)]
  0x000000001fa04800 JavaThread "File lock release action executor Thread 2" [_thread_blocked, id=13968, stack(0x00000000220f0000,0x00000000221f0000)]
  0x000000001fa01800 JavaThread "Build operations Thread 4" [_thread_blocked, id=8784, stack(0x0000000021ff0000,0x00000000220f0000)]
  0x000000001fa07800 JavaThread "Build operations Thread 3" [_thread_blocked, id=10352, stack(0x00000000210f0000,0x00000000211f0000)]
  0x000000001fa06000 JavaThread "Build operations Thread 2" [_thread_blocked, id=8536, stack(0x00000000209f0000,0x0000000020af0000)]
  0x000000001fa05800 JavaThread "Build operations" [_thread_blocked, id=14092, stack(0x00000000208f0000,0x00000000209f0000)]
  0x000000001fa02800 JavaThread "Cache worker for cache directory md-rule (C:\Users\Sameeksha Gahlaut\.gradle\caches\5.4.1\md-rule)" [_thread_blocked, id=15172, stack(0x000000001d4d0000,0x000000001d5d0000)]
  0x000000001f9fa000 JavaThread "Cache worker for cache directory md-supplier (C:\Users\Sameeksha Gahlaut\.gradle\caches\5.4.1\md-supplier)" [_thread_blocked, id=15944, stack(0x000000001ac30000,0x000000001ad30000)]
  0x000000001fa01000 JavaThread "Cache worker for file hash cache (S:\Android Studio Projects\PROJECTS\MultipleGeofences\.gradle\5.4.1\fileHashes)" [_thread_blocked, id=400, stack(0x000000001ab30000,0x000000001ac30000)]
  0x000000001f9ff800 JavaThread "Thread-75" [_thread_blocked, id=6128, stack(0x000000001aa30000,0x000000001ab30000)]
  0x000000001fa00000 JavaThread "Stdin handler" [_thread_blocked, id=13220, stack(0x000000001a930000,0x000000001aa30000)]
  0x000000001f9fe800 JavaThread "Asynchronous log dispatcher for DefaultDaemonConnection: socket connection from /127.0.0.1:53959 to /127.0.0.1:56169" [_thread_blocked, id=14464, stack(0x000000001a830000,0x000000001a930000)]
  0x000000001f9fe000 JavaThread "Daemon worker Thread 4" [_thread_blocked, id=10288, stack(0x000000001a530000,0x000000001a630000)]
  0x000000001f9fd000 JavaThread "Cancel handler" [_thread_blocked, id=15664, stack(0x000000001a430000,0x000000001a530000)]
  0x000000001f9fa800 JavaThread "Handler for socket connection from /127.0.0.1:53959 to /127.0.0.1:56169" [_thread_in_native, id=15484, stack(0x00000000176e0000,0x00000000177e0000)]
  0x000000001f9fc800 JavaThread "Daemon Thread 4" [_thread_blocked, id=2544, stack(0x0000000000ad0000,0x0000000000bd0000)]
  0x000000001981d000 JavaThread "Cache worker for file content cache (C:\Users\Sameeksha Gahlaut\.gradle\caches\5.4.1\fileContent)" [_thread_blocked, id=15344, stack(0x00000000223f0000,0x00000000224f0000)]
  0x000000001980f000 JavaThread "Memory manager" [_thread_blocked, id=14340, stack(0x0000000000ce0000,0x0000000000de0000)]
  0x0000000019812000 JavaThread "Cache worker for execution history cache (C:\Users\Sameeksha Gahlaut\.gradle\caches\5.4.1\executionHistory)" [_thread_blocked, id=13924, stack(0x00000000203f0000,0x00000000204f0000)]
  0x00000000191b3800 JavaThread "Cache worker for journal cache (C:\Users\Sameeksha Gahlaut\.gradle\caches\journal-1)" [_thread_blocked, id=14980, stack(0x000000001af30000,0x000000001b030000)]
  0x00000000191b2000 JavaThread "File lock request listener" [_thread_in_native, id=6132, stack(0x000000001ae30000,0x000000001af30000)]
  0x0000000018b91800 JavaThread "Cache worker for file hash cache (C:\Users\Sameeksha Gahlaut\.gradle\caches\5.4.1\fileHashes)" [_thread_blocked, id=3272, stack(0x000000001ad30000,0x000000001ae30000)]
  0x0000000017f0c800 JavaThread "Daemon periodic checks" [_thread_blocked, id=11996, stack(0x000000001a330000,0x000000001a430000)]
  0x0000000018098000 JavaThread "Incoming local TCP Connector on port 53959" [_thread_in_native, id=11416, stack(0x000000001a0f0000,0x000000001a1f0000)]
  0x0000000019429000 JavaThread "Daemon health stats" [_thread_blocked, id=7196, stack(0x0000000019ab0000,0x0000000019bb0000)]
  0x0000000017d10800 JavaThread "Service Thread" daemon [_thread_blocked, id=7584, stack(0x00000000180e0000,0x00000000181e0000)]
  0x0000000016294000 JavaThread "C1 CompilerThread2" daemon [_thread_blocked, id=3692, stack(0x0000000017be0000,0x0000000017ce0000)]
  0x0000000016284800 JavaThread "C2 CompilerThread1" daemon [_thread_blocked, id=9644, stack(0x0000000017ae0000,0x0000000017be0000)]
  0x000000001627f800 JavaThread "C2 CompilerThread0" daemon [_thread_blocked, id=13916, stack(0x00000000179e0000,0x0000000017ae0000)]
  0x000000001627e800 JavaThread "Attach Listener" daemon [_thread_blocked, id=15308, stack(0x00000000178e0000,0x00000000179e0000)]
  0x000000001627b800 JavaThread "Signal Dispatcher" daemon [_thread_blocked, id=11332, stack(0x00000000177e0000,0x00000000178e0000)]
  0x000000000288c800 JavaThread "Finalizer" daemon [_thread_blocked, id=13216, stack(0x00000000174e0000,0x00000000175e0000)]
  0x0000000016269000 JavaThread "Reference Handler" daemon [_thread_blocked, id=14668, stack(0x00000000173e0000,0x00000000174e0000)]
  0x0000000002792800 JavaThread "main" [_thread_blocked, id=14540, stack(0x0000000002630000,0x0000000002730000)]

Other Threads:
=>0x0000000016246800 VMThread [stack: 0x00000000172e0000,0x00000000173e0000] [id=6480]
  0x00000000162de000 WatcherThread [stack: 0x00000000181e0000,0x00000000182e0000] [id=1352]

VM state:at safepoint (normal execution)

VM Mutex/Monitor currently owned by a thread:  ([mutex/lock_event])
[0x000000000290d980] Threads_lock - owner thread: 0x0000000016246800
[0x000000000290d100] Heap_lock - owner thread: 0x000000001f9fe000

heap address: 0x00000000a0000000, size: 1536 MB, Compressed Oops mode: 32-bit
Narrow klass base: 0x0000000000000000, Narrow klass shift: 3
Compressed class space size: 1073741824 Address: 0x0000000100000000

Heap:
 PSYoungGen      total 78848K, used 11008K [0x00000000e0000000, 0x00000000e6800000, 0x0000000100000000)
  eden space 62976K, 0% used [0x00000000e0000000,0x00000000e0000000,0x00000000e3d80000)
  from space 15872K, 69% used [0x00000000e3d80000,0x00000000e4840010,0x00000000e4d00000)
  to   space 16384K, 0% used [0x00000000e5800000,0x00000000e5800000,0x00000000e6800000)
 ParOldGen       total 80896K, used 74890K [0x00000000a0000000, 0x00000000a4f00000, 0x00000000e0000000)
  object space 80896K, 92% used [0x00000000a0000000,0x00000000a4922b38,0x00000000a4f00000)
 Metaspace       used 71452K, capacity 74086K, committed 74200K, reserved 1114112K
  class space    used 9366K, capacity 9935K, committed 9984K, reserved 1048576K

Card table byte_map: [0x0000000011cd0000,0x0000000011fe0000] byte_map_base: 0x00000000117d0000

Marking Bits: (ParMarkBitMap*) 0x0000000067e29f30
 Begin Bits: [0x00000000125e0000, 0x0000000013de0000)
 End Bits:   [0x0000000013de0000, 0x00000000155e0000)

Polling page: 0x0000000000e20000

CodeCache: size=245760Kb used=32465Kb max_used=32481Kb free=213294Kb
 bounds [0x0000000002910000, 0x00000000048f0000, 0x0000000011910000]
 total_blobs=10812 nmethods=9998 adapters=726
 compilation: enabled

Compilation events (10 events):
Event: 4126.014 Thread 0x0000000016284800 nmethod 11978 0x00000000048ec650 code [0x00000000048ec8e0, 0x00000000048eebd8]
Event: 4126.014 Thread 0x0000000016284800 11982       4       com.sun.org.apache.xerces.internal.util.AugmentationsImpl$SmallContainer::getItem (43 bytes)
Event: 4126.015 Thread 0x0000000016284800 nmethod 11982 0x00000000031eda50 code [0x00000000031edb80, 0x00000000031edbf8]
Event: 4126.015 Thread 0x0000000016284800 11980       4       com.sun.org.apache.xerces.internal.impl.XMLNSDocumentScannerImpl::next (39 bytes)
Event: 4126.016 Thread 0x0000000016284800 nmethod 11980 0x00000000048e9510 code [0x00000000048e9660, 0x00000000048e9798]
Event: 4126.017 Thread 0x0000000016294000 12079       1       org.gradle.internal.resources.AbstractTrackedResourceLock::getDisplayName (5 bytes)
Event: 4126.017 Thread 0x0000000016294000 nmethod 12079 0x00000000048e9250 code [0x00000000048e93a0, 0x00000000048e94b0]
Event: 4126.042 Thread 0x0000000016284800 12080       4       java.util.Properties::load0 (250 bytes)
Event: 4126.047 Thread 0x0000000016294000 12081       3       java.nio.ByteBuffer::hasArray (20 bytes)
Event: 4126.048 Thread 0x0000000016294000 nmethod 12081 0x00000000048e8e90 code [0x00000000048e8fe0, 0x00000000048e91d0]

GC Heap History (10 events):
Event: 3499.776 GC heap after
Heap after GC invocations=32 (full 3):
 PSYoungGen      total 72192K, used 2548K [0x00000000e0000000, 0x00000000e6300000, 0x0000000100000000)
  eden space 54784K, 0% used [0x00000000e0000000,0x00000000e0000000,0x00000000e3580000)
  from space 17408K, 14% used [0x00000000e3580000,0x00000000e37fd258,0x00000000e4680000)
  to   space 17408K, 0% used [0x00000000e5200000,0x00000000e5200000,0x00000000e6300000)
 ParOldGen       total 80896K, used 60538K [0x00000000a0000000, 0x00000000a4f00000, 0x00000000e0000000)
  object space 80896K, 74% used [0x00000000a0000000,0x00000000a3b1ea18,0x00000000a4f00000)
 Metaspace       used 67492K, capacity 69716K, committed 69976K, reserved 1110016K
  class space    used 8759K, capacity 9242K, committed 9344K, reserved 1048576K
}
Event: 3505.843 GC heap before
{Heap before GC invocations=33 (full 3):
 PSYoungGen      total 72192K, used 57332K [0x00000000e0000000, 0x00000000e6300000, 0x0000000100000000)
  eden space 54784K, 100% used [0x00000000e0000000,0x00000000e3580000,0x00000000e3580000)
  from space 17408K, 14% used [0x00000000e3580000,0x00000000e37fd258,0x00000000e4680000)
  to   space 17408K, 0% used [0x00000000e5200000,0x00000000e5200000,0x00000000e6300000)
 ParOldGen       total 80896K, used 60538K [0x00000000a0000000, 0x00000000a4f00000, 0x00000000e0000000)
  object space 80896K, 74% used [0x00000000a0000000,0x00000000a3b1ea18,0x00000000a4f00000)
 Metaspace       used 67620K, capacity 69816K, committed 69976K, reserved 1110016K
  class space    used 8772K, capacity 9276K, committed 9344K, reserved 1048576K
Event: 3505.866 GC heap after
Heap after GC invocations=33 (full 3):
 PSYoungGen      total 82944K, used 3552K [0x00000000e0000000, 0x00000000e6280000, 0x0000000100000000)
  eden space 66048K, 0% used [0x00000000e0000000,0x00000000e0000000,0x00000000e4080000)
  from space 16896K, 21% used [0x00000000e5200000,0x00000000e5578020,0x00000000e6280000)
  to   space 17408K, 0% used [0x00000000e4080000,0x00000000e4080000,0x00000000e5180000)
 ParOldGen       total 80896K, used 62218K [0x00000000a0000000, 0x00000000a4f00000, 0x00000000e0000000)
  object space 80896K, 76% used [0x00000000a0000000,0x00000000a3cc29a0,0x00000000a4f00000)
 Metaspace       used 67620K, capacity 69816K, committed 69976K, reserved 1110016K
  class space    used 8772K, capacity 9276K, committed 9344K, reserved 1048576K
}
Event: 3511.742 GC heap before
{Heap before GC invocations=34 (full 3):
 PSYoungGen      total 82944K, used 69600K [0x00000000e0000000, 0x00000000e6280000, 0x0000000100000000)
  eden space 66048K, 100% used [0x00000000e0000000,0x00000000e4080000,0x00000000e4080000)
  from space 16896K, 21% used [0x00000000e5200000,0x00000000e5578020,0x00000000e6280000)
  to   space 17408K, 0% used [0x00000000e4080000,0x00000000e4080000,0x00000000e5180000)
 ParOldGen       total 80896K, used 62218K [0x00000000a0000000, 0x00000000a4f00000, 0x00000000e0000000)
  object space 80896K, 76% used [0x00000000a0000000,0x00000000a3cc29a0,0x00000000a4f00000)
 Metaspace       used 70617K, capacity 73096K, committed 73304K, reserved 1112064K
  class space    used 9270K, capacity 9800K, committed 9856K, reserved 1048576K
Event: 3511.755 GC heap after
Heap after GC invocations=34 (full 3):
 PSYoungGen      total 69120K, used 4414K [0x00000000e0000000, 0x00000000e6000000, 0x0000000100000000)
  eden space 64512K, 0% used [0x00000000e0000000,0x00000000e0000000,0x00000000e3f00000)
  from space 4608K, 95% used [0x00000000e4080000,0x00000000e44cf920,0x00000000e4500000)
  to   space 16896K, 0% used [0x00000000e4f80000,0x00000000e4f80000,0x00000000e6000000)
 ParOldGen       total 80896K, used 65554K [0x00000000a0000000, 0x00000000a4f00000, 0x00000000e0000000)
  object space 80896K, 81% used [0x00000000a0000000,0x00000000a4004a00,0x00000000a4f00000)
 Metaspace       used 70617K, capacity 73096K, committed 73304K, reserved 1112064K
  class space    used 9270K, capacity 9800K, committed 9856K, reserved 1048576K
}
Event: 4124.212 GC heap before
{Heap before GC invocations=35 (full 3):
 PSYoungGen      total 69120K, used 68924K [0x00000000e0000000, 0x00000000e6000000, 0x0000000100000000)
  eden space 64512K, 99% used [0x00000000e0000000,0x00000000e3effa28,0x00000000e3f00000)
  from space 4608K, 95% used [0x00000000e4080000,0x00000000e44cf920,0x00000000e4500000)
  to   space 16896K, 0% used [0x00000000e4f80000,0x00000000e4f80000,0x00000000e6000000)
 ParOldGen       total 80896K, used 65554K [0x00000000a0000000, 0x00000000a4f00000, 0x00000000e0000000)
  object space 80896K, 81% used [0x00000000a0000000,0x00000000a4004a00,0x00000000a4f00000)
 Metaspace       used 71369K, capacity 74016K, committed 74200K, reserved 1114112K
  class space    used 9365K, capacity 9934K, committed 9984K, reserved 1048576K
Event: 4124.233 GC heap after
Heap after GC invocations=35 (full 3):
 PSYoungGen      total 76288K, used 7424K [0x00000000e0000000, 0x00000000e5c80000, 0x0000000100000000)
  eden space 62976K, 0% used [0x00000000e0000000,0x00000000e0000000,0x00000000e3d80000)
  from space 13312K, 55% used [0x00000000e4f80000,0x00000000e56c0030,0x00000000e5c80000)
  to   space 15872K, 0% used [0x00000000e3d80000,0x00000000e3d80000,0x00000000e4d00000)
 ParOldGen       total 80896K, used 67960K [0x00000000a0000000, 0x00000000a4f00000, 0x00000000e0000000)
  object space 80896K, 84% used [0x00000000a0000000,0x00000000a425e118,0x00000000a4f00000)
 Metaspace       used 71369K, capacity 74016K, committed 74200K, reserved 1114112K
  class space    used 9365K, capacity 9934K, committed 9984K, reserved 1048576K
}
Event: 4126.052 GC heap before
{Heap before GC invocations=36 (full 3):
 PSYoungGen      total 76288K, used 70400K [0x00000000e0000000, 0x00000000e5c80000, 0x0000000100000000)
  eden space 62976K, 100% used [0x00000000e0000000,0x00000000e3d80000,0x00000000e3d80000)
  from space 13312K, 55% used [0x00000000e4f80000,0x00000000e56c0030,0x00000000e5c80000)
  to   space 15872K, 0% used [0x00000000e3d80000,0x00000000e3d80000,0x00000000e4d00000)
 ParOldGen       total 80896K, used 67960K [0x00000000a0000000, 0x00000000a4f00000, 0x00000000e0000000)
  object space 80896K, 84% used [0x00000000a0000000,0x00000000a425e118,0x00000000a4f00000)
 Metaspace       used 71452K, capacity 74086K, committed 74200K, reserved 1114112K
  class space    used 9366K, capacity 9935K, committed 9984K, reserved 1048576K
Event: 4126.094 GC heap after
Heap after GC invocations=36 (full 3):
 PSYoungGen      total 78848K, used 11008K [0x00000000e0000000, 0x00000000e6800000, 0x0000000100000000)
  eden space 62976K, 0% used [0x00000000e0000000,0x00000000e0000000,0x00000000e3d80000)
  from space 15872K, 69% used [0x00000000e3d80000,0x00000000e4840010,0x00000000e4d00000)
  to   space 16384K, 0% used [0x00000000e5800000,0x00000000e5800000,0x00000000e6800000)
 ParOldGen       total 80896K, used 74890K [0x00000000a0000000, 0x00000000a4f00000, 0x00000000e0000000)
  object space 80896K, 92% used [0x00000000a0000000,0x00000000a4922b38,0x00000000a4f00000)
 Metaspace       used 71452K, capacity 74086K, committed 74200K, reserved 1114112K
  class space    used 9366K, capacity 9935K, committed 9984K, reserved 1048576K
}
Event: 4126.094 GC heap before
{Heap before GC invocations=37 (full 4):
 PSYoungGen      total 78848K, used 11008K [0x00000000e0000000, 0x00000000e6800000, 0x0000000100000000)
  eden space 62976K, 0% used [0x00000000e0000000,0x00000000e0000000,0x00000000e3d80000)
  from space 15872K, 69% used [0x00000000e3d80000,0x00000000e4840010,0x00000000e4d00000)
  to   space 16384K, 0% used [0x00000000e5800000,0x00000000e5800000,0x00000000e6800000)
 ParOldGen       total 80896K, used 74890K [0x00000000a0000000, 0x00000000a4f00000, 0x00000000e0000000)
  object space 80896K, 92% used [0x00000000a0000000,0x00000000a4922b38,0x00000000a4f00000)
 Metaspace       used 71452K, capacity 74086K, committed 74200K, reserved 1114112K
  class space    used 9366K, capacity 9935K, committed 9984K, reserved 1048576K

Deoptimization events (10 events):
Event: 4123.311 Thread 0x00000000191b3800 Uncommon trap: reason=unstable_if action=reinterpret pc=0x0000000003fe5b44 method=org.gradle.cache.internal.LockOnDemandCrossProcessCacheAccess.decrementLockCount()V @ 54
Event: 4123.380 Thread 0x000000001f9fe000 Uncommon trap: reason=bimorphic action=maybe_recompile pc=0x00000000047d006c method=java.util.TreeMap.put(Ljava/lang/Object;Ljava/lang/Object;)Ljava/lang/Object; @ 141
Event: 4123.590 Thread 0x000000001f9fe000 Uncommon trap: reason=bimorphic action=maybe_recompile pc=0x00000000047d006c method=java.util.TreeMap.put(Ljava/lang/Object;Ljava/lang/Object;)Ljava/lang/Object; @ 141
Event: 4123.591 Thread 0x000000001f9fe000 Uncommon trap: reason=bimorphic action=maybe_recompile pc=0x00000000047d006c method=java.util.TreeMap.put(Ljava/lang/Object;Ljava/lang/Object;)Ljava/lang/Object; @ 141
Event: 4123.591 Thread 0x000000001f9fe000 Uncommon trap: reason=bimorphic action=maybe_recompile pc=0x00000000047d006c method=java.util.TreeMap.put(Ljava/lang/Object;Ljava/lang/Object;)Ljava/lang/Object; @ 141
Event: 4123.591 Thread 0x000000001f9fe000 Uncommon trap: reason=bimorphic action=maybe_recompile pc=0x0000000004487c48 method=java.util.TreeMap.put(Ljava/lang/Object;Ljava/lang/Object;)Ljava/lang/Object; @ 141
Event: 4125.045 Thread 0x000000001fa07000 Uncommon trap: reason=unstable_if action=reinterpret pc=0x00000000033150a8 method=java.util.concurrent.locks.AbstractQueuedSynchronizer.hasQueuedPredecessors()Z @ 21
Event: 4125.278 Thread 0x00000000191b3800 Uncommon trap: reason=unstable_if action=reinterpret pc=0x0000000004338fd8 method=java.util.concurrent.ArrayBlockingQueue.dequeue()Ljava/lang/Object; @ 32
Event: 4125.663 Thread 0x000000001f9fe000 Uncommon trap: reason=class_check action=maybe_recompile pc=0x0000000003c47984 method=org.gradle.internal.snapshot.impl.DefaultFileSystemMirror.getSnapshot(Ljava/lang/String;)Lorg/gradle/internal/snapshot/FileSystemLocationSnapshot; @ 37
Event: 4125.668 Thread 0x000000001f9fe000 Uncommon trap: reason=array_check action=maybe_recompile pc=0x00000000031b7524 method=java.util.TimSort.reverseRange([Ljava/lang/Object;II)V @ 20

Classes redefined (0 events):
No events

Internal exceptions (10 events):
Event: 3512.110 Thread 0x00000000191b1800 Exception <a 'java/lang/NoSuchMethodError': <clinit>> (0x00000000e0977c60) thrown at [D:\src\AOSP-openjdk-cygwin\jdk8u\hotspot\src\share\vm\prims\jni.cpp, line 1614]
Event: 3512.111 Thread 0x00000000191b1800 Exception <a 'java/lang/NoSuchMethodError': <clinit>> (0x00000000e09888d8) thrown at [D:\src\AOSP-openjdk-cygwin\jdk8u\hotspot\src\share\vm\prims\jni.cpp, line 1614]
Event: 3512.160 Thread 0x00000000191b1800 Implicit null exception at 0x00000000032ed539 to 0x00000000032ed9a9
Event: 4122.168 Thread 0x000000001f9fa800 Exception <a 'java/lang/NoSuchMethodError': <clinit>> (0x00000000e0f094b8) thrown at [D:\src\AOSP-openjdk-cygwin\jdk8u\hotspot\src\share\vm\prims\jni.cpp, line 1614]
Event: 4122.169 Thread 0x000000001f9fa800 Exception <a 'java/lang/NoSuchMethodError': <clinit>> (0x00000000e0f16908) thrown at [D:\src\AOSP-openjdk-cygwin\jdk8u\hotspot\src\share\vm\prims\jni.cpp, line 1614]
Event: 4122.208 Thread 0x000000001f9fe000 Exception <a 'java/lang/NoSuchMethodError': <clinit>> (0x00000000e0ff7c78) thrown at [D:\src\AOSP-openjdk-cygwin\jdk8u\hotspot\src\share\vm\prims\jni.cpp, line 1614]
Event: 4122.209 Thread 0x000000001f9fe000 Exception <a 'java/lang/NoSuchMethodError': <clinit>> (0x00000000e1003c68) thrown at [D:\src\AOSP-openjdk-cygwin\jdk8u\hotspot\src\share\vm\prims\jni.cpp, line 1614]
Event: 4122.212 Thread 0x000000001f9fe000 Exception <a 'java/lang/NoSuchMethodError': <clinit>> (0x00000000e1027b10) thrown at [D:\src\AOSP-openjdk-cygwin\jdk8u\hotspot\src\share\vm\prims\jni.cpp, line 1614]
Event: 4122.212 Thread 0x000000001f9fe000 Exception <a 'java/lang/NoSuchMethodError': <clinit>> (0x00000000e1029110) thrown at [D:\src\AOSP-openjdk-cygwin\jdk8u\hotspot\src\share\vm\prims\jni.cpp, line 1614]
Event: 4125.045 Thread 0x000000001fa07000 Implicit null exception at 0x000000000331450f to 0x0000000003315079

Events (10 events):
Event: 4125.663 Thread 0x000000001f9fe000 DEOPT PACKING pc=0x0000000003c47984 sp=0x000000001a62ad20
Event: 4125.663 Thread 0x000000001f9fe000 DEOPT UNPACKING pc=0x000000000295557b sp=0x000000001a62acc8 mode 2
Event: 4125.668 Thread 0x000000001f9fe000 Uncommon trap: trap_request=0xffffffd6 fr.pc=0x00000000031b7524
Event: 4125.668 Thread 0x000000001f9fe000 DEOPT PACKING pc=0x00000000031b7524 sp=0x000000001a6288b0
Event: 4125.668 Thread 0x000000001f9fe000 DEOPT UNPACKING pc=0x000000000295557b sp=0x000000001a6287d0 mode 2
Event: 4125.951 loading class com/android/resources/FolderTypeRelationship
Event: 4125.951 loading class com/android/resources/FolderTypeRelationship done
Event: 4126.045 Thread 0x000000001f9fe000 DEOPT PACKING pc=0x0000000002e7b88d sp=0x000000001a628b70
Event: 4126.045 Thread 0x000000001f9fe000 DEOPT UNPACKING pc=0x00000000029575d0 sp=0x000000001a628888 mode 0
Event: 4126.052 Executing VM operation: ParallelGCFailedAllocation


Dynamic libraries:
0x00007ff635880000 - 0x00007ff6358b1000 	C:\Program Files\Android\Android Studio\jre\bin\java.exe
0x00007ffbe79e0000 - 0x00007ffbe7bd0000 	C:\WINDOWS\SYSTEM32\ntdll.dll
0x00007ffbe7550000 - 0x00007ffbe7602000 	C:\WINDOWS\System32\KERNEL32.DLL
0x00007ffbe4b60000 - 0x00007ffbe4e03000 	C:\WINDOWS\System32\KERNELBASE.dll
0x00007ffbe6d60000 - 0x00007ffbe6e03000 	C:\WINDOWS\System32\ADVAPI32.dll
0x00007ffbe6450000 - 0x00007ffbe64ee000 	C:\WINDOWS\System32\msvcrt.dll
0x00007ffbe73b0000 - 0x00007ffbe7447000 	C:\WINDOWS\System32\sechost.dll
0x00007ffbe62b0000 - 0x00007ffbe63d0000 	C:\WINDOWS\System32\RPCRT4.dll
0x00007ffbe64f0000 - 0x00007ffbe6684000 	C:\WINDOWS\System32\USER32.dll
0x00007ffbe58c0000 - 0x00007ffbe58e1000 	C:\WINDOWS\System32\win32u.dll
0x00007ffbe7450000 - 0x00007ffbe7476000 	C:\WINDOWS\System32\GDI32.dll
0x00007ffbe58f0000 - 0x00007ffbe5a84000 	C:\WINDOWS\System32\gdi32full.dll
0x00007ffbe4ac0000 - 0x00007ffbe4b5e000 	C:\WINDOWS\System32\msvcp_win.dll
0x00007ffbe49c0000 - 0x00007ffbe4aba000 	C:\WINDOWS\System32\ucrtbase.dll
0x00007ffbe35d0000 - 0x00007ffbe3855000 	C:\WINDOWS\WinSxS\amd64_microsoft.windows.common-controls_6595b64144ccf1df_6.0.18362.592_none_e6c0b1911312be02\COMCTL32.dll
0x00007ffbe6ef0000 - 0x00007ffbe7226000 	C:\WINDOWS\System32\combase.dll
0x00007ffbe4e10000 - 0x00007ffbe4e90000 	C:\WINDOWS\System32\bcryptPrimitives.dll
0x00007ffbe6cb0000 - 0x00007ffbe6cde000 	C:\WINDOWS\System32\IMM32.DLL
0x0000000067440000 - 0x0000000067512000 	C:\Program Files\Android\Android Studio\jre\jre\bin\msvcr100.dll
0x0000000067660000 - 0x0000000067ea6000 	C:\Program Files\Android\Android Studio\jre\jre\bin\server\jvm.dll
0x00007ffbe63d0000 - 0x00007ffbe63d8000 	C:\WINDOWS\System32\PSAPI.DLL
0x00007ffbd2050000 - 0x00007ffbd2059000 	C:\WINDOWS\SYSTEM32\WSOCK32.dll
0x00007ffbe6e80000 - 0x00007ffbe6eef000 	C:\WINDOWS\System32\WS2_32.dll
0x00007ffbe12f0000 - 0x00007ffbe1314000 	C:\WINDOWS\SYSTEM32\WINMM.dll
0x00007ffbda340000 - 0x00007ffbda34a000 	C:\WINDOWS\SYSTEM32\VERSION.dll
0x00007ffbe1060000 - 0x00007ffbe108d000 	C:\WINDOWS\SYSTEM32\WINMMBASE.dll
0x00007ffbe4970000 - 0x00007ffbe49ba000 	C:\WINDOWS\System32\cfgmgr32.dll
0x00007ffbe2920000 - 0x00007ffbe292f000 	C:\Program Files\Android\Android Studio\jre\jre\bin\verify.dll
0x00007ffbdfc60000 - 0x00007ffbdfc89000 	C:\Program Files\Android\Android Studio\jre\jre\bin\java.dll
0x00007ffbe2900000 - 0x00007ffbe2916000 	C:\Program Files\Android\Android Studio\jre\jre\bin\zip.dll
0x00007ffbe5b10000 - 0x00007ffbe61f5000 	C:\WINDOWS\System32\SHELL32.dll
0x00007ffbe6200000 - 0x00007ffbe62a9000 	C:\WINDOWS\System32\shcore.dll
0x00007ffbe4e90000 - 0x00007ffbe560f000 	C:\WINDOWS\System32\windows.storage.dll
0x00007ffbe4930000 - 0x00007ffbe494f000 	C:\WINDOWS\System32\profapi.dll
0x00007ffbe48e0000 - 0x00007ffbe492a000 	C:\WINDOWS\System32\powrprof.dll
0x00007ffbe48b0000 - 0x00007ffbe48c0000 	C:\WINDOWS\System32\UMPDC.dll
0x00007ffbe6e20000 - 0x00007ffbe6e72000 	C:\WINDOWS\System32\shlwapi.dll
0x00007ffbe48c0000 - 0x00007ffbe48d1000 	C:\WINDOWS\System32\kernel.appcore.dll
0x00007ffbe58a0000 - 0x00007ffbe58b7000 	C:\WINDOWS\System32\cryptsp.dll
0x00007ffbdfc40000 - 0x00007ffbdfc5a000 	C:\Program Files\Android\Android Studio\jre\jre\bin\net.dll
0x00007ffbe3d50000 - 0x00007ffbe3db7000 	C:\WINDOWS\system32\mswsock.dll
0x00007ffbdfbb0000 - 0x00007ffbdfbc1000 	C:\Program Files\Android\Android Studio\jre\jre\bin\nio.dll
0x00007ffbc6830000 - 0x00007ffbc6856000 	C:\Users\Sameeksha Gahlaut\.gradle\native\29\windows-amd64\native-platform.dll
0x00007ffbe2880000 - 0x00007ffbe288d000 	C:\Program Files\Android\Android Studio\jre\jre\bin\management.dll
0x00007ffbe3860000 - 0x00007ffbe3893000 	C:\WINDOWS\system32\rsaenh.dll
0x00007ffbe5870000 - 0x00007ffbe5896000 	C:\WINDOWS\System32\bcrypt.dll
0x00007ffbe47d0000 - 0x00007ffbe47f5000 	C:\WINDOWS\SYSTEM32\USERENV.dll
0x00007ffbe3f20000 - 0x00007ffbe3f2c000 	C:\WINDOWS\SYSTEM32\CRYPTBASE.dll
0x00007ffbe3a60000 - 0x00007ffbe3a9a000 	C:\WINDOWS\SYSTEM32\IPHLPAPI.DLL
0x00007ffbe63e0000 - 0x00007ffbe63e8000 	C:\WINDOWS\System32\NSI.dll
0x00007ffbdcb20000 - 0x00007ffbdcb36000 	C:\WINDOWS\SYSTEM32\dhcpcsvc6.DLL
0x00007ffbdcf40000 - 0x00007ffbdcf5c000 	C:\WINDOWS\SYSTEM32\dhcpcsvc.DLL
0x00007ffbe3aa0000 - 0x00007ffbe3b6a000 	C:\WINDOWS\SYSTEM32\DNSAPI.dll
0x00007ffbe1fb0000 - 0x00007ffbe203f000 	C:\WINDOWS\system32\apphelp.dll

VM Arguments:
jvm_args: -Xmx1536m -Dfile.encoding=windows-1252 -Duser.country=IN -Duser.language=en -Duser.variant 
java_command: org.gradle.launcher.daemon.bootstrap.GradleDaemon 5.4.1
java_class_path (initial): C:\Users\Sameeksha Gahlaut\.gradle\wrapper\dists\gradle-5.4.1-all\3221gyojl5jsh0helicew7rwx\gradle-5.4.1\lib\gradle-launcher-5.4.1.jar
Launcher Type: SUN_STANDARD

Environment Variables:
PATH=C:\Program Files (x86)\Common Files\Oracle\Java\javapath;C:\Program Files (x86)\Common Files\Intel\Shared Files\cpp\bin\Intel64;C:\ProgramData\Oracle\Java\javapath;C:\Program Files\Java\jdk1.8.0_25\bin;C:\WINDOWS\system32;C:\WINDOWS;C:\WINDOWS\System32\Wbem;C:\WINDOWS\System32\WindowsPowerShell\v1.0\;C:\Program Files (x86)\Intel\Intel(R) Management Engine Components\DAL;C:\Program Files\Intel\Intel(R) Management Engine Components\DAL;C:\Program Files (x86)\Intel\Intel(R) Management Engine Components\IPT;C:\Program Files\Intel\Intel(R) Management Engine Components\IPT;C:\WINDOWS\System32\OpenSSH\;C:\Program Files\NVIDIA Corporation\NVIDIA NvDLISR;C:\Program Files\Intel\WiFi\bin\;C:\Program Files\Common Files\Intel\WirelessCommon\;C:\Program Files\Git\cmd;C:\WINDOWS\system32;C:\WINDOWS;C:\WINDOWS\System32\Wbem;C:\WINDOWS\System32\WindowsPowerShell\v1.0\;C:\WINDOWS\System32\OpenSSH\;C:\Users\Sameeksha Gahlaut\AppData\Local\Programs\Python\Python38-32\Scripts\;C:\Users\Sameeksha Gahlaut\AppData\Local\Programs\Python\Python38-32\;C:\Program Files\Java\jdk1.8.0_25\bin;C:\Program Files\Java\jdk-9.0.4\bin;C:\Users\Sameeksha Gahlaut\AppData\Local\Microsoft\WindowsApps;
USERNAME=Sameeksha
OS=Windows_NT
PROCESSOR_IDENTIFIER=Intel64 Family 6 Model 142 Stepping 9, GenuineIntel



---------------  S Y S T E M  ---------------

OS: Windows 10.0 , 64 bit Build 18362 (10.0.18362.329)

CPU:total 4 (initial active 4) (2 cores per cpu, 2 threads per core) family 6 model 142 stepping 9, cmov, cx8, fxsr, mmx, sse, sse2, sse3, ssse3, sse4.1, sse4.2, popcnt, avx, avx2, aes, clmul, erms, 3dnowpref, lzcnt, ht, tsc, tscinvbit, bmi1, bmi2, adx

Memory: 4k page, physical 8271076k(2781796k free), swap 14538584k(4922080k free)

vm_info: OpenJDK 64-Bit Server VM (25.202-b03) for windows-amd64 JRE (1.8.0_202-release-1483-b03), built by "builder" with MS VC++ 10.0 (VS2010)

time: Sun Feb 16 19:27:55 2020
timezone: India Standard Time
elapsed time: 4126 seconds (0d 1h 8m 46s)

